<?xml version="1.0" encoding="UTF-8"?>
<!-- Generated by org.testng.reporters.JUnitXMLReporter -->
<testsuite hostname="Admin-PC" ignored="0" name="Test" tests="4" failures="1" timestamp="18 Aug 2020 02:48:34 GMT" time="6.574" errors="0">
  <testcase name="banana" time="0.003" classname="testNG.P16"/>
  <testcase name="test" time="6.542" classname="testNG.P14">
    <failure type="java.lang.AssertionError" message="The following asserts failed:
	expected [Dinga] but found [Google]">
      <![CDATA[java.lang.AssertionError: The following asserts failed:
expected [Dinga] but found [Google]
at testNG.P14.test(P14.java:28)
... Removed 26 stack frames]]>
    </failure>
  </testcase> <!-- test -->
  <testcase name="testA" time="0.002" classname="testNG.P15"/>
  <testcase name="testB" time="0.001" classname="testNG.P15"/>
</testsuite> <!-- Test -->
